{"uuid":"2136e1a8-b247-4589-8e39-8328231298ac","historyId":"c60633cb81d090e1e6dcc8cf04f37582","fullName":"src/test/resources/FeatureCart.feature:3","labels":[{"name":"host","value":"PF3XDQCF"},{"name":"thread","value":"16448@PF3XDQCF.main(1)"},{"name":"feature","value":"Add to Cart"},{"name":"story","value":"Add to Cart"},{"name":"suite","value":"Add to Cart"},{"name":"testClass","value":"Add to Cart"},{"name":"framework","value":"cucumber4jvm"},{"name":"language","value":"java"},{"name":"gherkin_uri","value":"file:///C:/Users/Haldun35/IdeaProjects/DemosBellatrix_HA/src/test/resources/FeatureCart.feature"},{"name":"package","value":"src.test.resources.FeatureCart_feature.Add to Cart"}],"links":[],"name":"Add to Cart","status":"failed","statusDetails":{"known":false,"muted":false,"flaky":false,"message":"expected [Falcon 9] but found [[[ChromeDriver: chrome on windows (3dfc032ab7d9ab605af5a16b49756be8)] -> xpath: //a[text()='Falcon 9']]]","trace":"java.lang.AssertionError: expected [Falcon 9] but found [[[ChromeDriver: chrome on windows (3dfc032ab7d9ab605af5a16b49756be8)] -> xpath: //a[text()='Falcon 9']]]\r\n\tat org.testng.Assert.fail(Assert.java:111)\r\n\tat org.testng.Assert.failNotEquals(Assert.java:1578)\r\n\tat org.testng.Assert.assertEqualsImpl(Assert.java:150)\r\n\tat org.testng.Assert.assertEquals(Assert.java:132)\r\n\tat org.testng.Assert.assertEquals(Assert.java:644)\r\n\tat stepdefs.CartStepdefs.theProductShouldBeInCart(CartStepdefs.java:41)\r\n\tat ✽.the product \"Falcon 9\" should be in Cart(file:///C:/Users/Haldun35/IdeaProjects/DemosBellatrix_HA/src/test/resources/FeatureCart.feature:7)\r\n"},"stage":"finished","steps":[{"name":"Given  user on homepage","status":"passed","statusDetails":{"known":false,"muted":false,"flaky":false},"stage":"finished","steps":[],"attachments":[],"parameters":[],"start":1701949339062,"stop":1701949342561},{"name":"When  user add the product \"Falcon 9\" to the cart","status":"passed","statusDetails":{"known":false,"muted":false,"flaky":false},"stage":"finished","steps":[],"attachments":[],"parameters":[],"start":1701949342562,"stop":1701949343104},{"name":"And  user click to Cart","status":"passed","statusDetails":{"known":false,"muted":false,"flaky":false},"stage":"finished","steps":[],"attachments":[],"parameters":[],"start":1701949343104,"stop":1701949344386},{"name":"Then  the product \"Falcon 9\" should be in Cart","status":"failed","statusDetails":{"known":false,"muted":false,"flaky":false,"message":"expected [Falcon 9] but found [[[ChromeDriver: chrome on windows (3dfc032ab7d9ab605af5a16b49756be8)] -> xpath: //a[text()='Falcon 9']]]","trace":"java.lang.AssertionError: expected [Falcon 9] but found [[[ChromeDriver: chrome on windows (3dfc032ab7d9ab605af5a16b49756be8)] -> xpath: //a[text()='Falcon 9']]]\r\n\tat org.testng.Assert.fail(Assert.java:111)\r\n\tat org.testng.Assert.failNotEquals(Assert.java:1578)\r\n\tat org.testng.Assert.assertEqualsImpl(Assert.java:150)\r\n\tat org.testng.Assert.assertEquals(Assert.java:132)\r\n\tat org.testng.Assert.assertEquals(Assert.java:644)\r\n\tat stepdefs.CartStepdefs.theProductShouldBeInCart(CartStepdefs.java:41)\r\n\tat ✽.the product \"Falcon 9\" should be in Cart(file:///C:/Users/Haldun35/IdeaProjects/DemosBellatrix_HA/src/test/resources/FeatureCart.feature:7)\r\n"},"stage":"finished","steps":[],"attachments":[],"parameters":[],"start":1701949344386,"stop":1701949344403}],"attachments":[],"parameters":[],"start":1701949339059,"stop":1701949344408}