{"uuid":"323c015e-5f2a-490b-ae82-607af52d35bb","historyId":"c60633cb81d090e1e6dcc8cf04f37582","fullName":"src/test/resources/FeatureCart.feature:3","labels":[{"name":"host","value":"PF3XDQCF"},{"name":"thread","value":"5088@PF3XDQCF.main(1)"},{"name":"feature","value":"Add to Cart"},{"name":"story","value":"Add to Cart"},{"name":"suite","value":"Add to Cart"},{"name":"testClass","value":"Add to Cart"},{"name":"framework","value":"cucumber4jvm"},{"name":"language","value":"java"},{"name":"gherkin_uri","value":"file:///C:/Users/Haldun35/IdeaProjects/DemosBellatrix_HA/src/test/resources/FeatureCart.feature"},{"name":"package","value":"src.test.resources.FeatureCart_feature.Add to Cart"}],"links":[],"name":"Add to Cart","status":"failed","statusDetails":{"known":false,"muted":false,"flaky":false,"message":"expected [falcon 9] but found [[[ChromeDriver: chrome on windows (b0df81da3d3571f20c52781575bdb1c5)] -> xpath: //a[text()='Falcon 9']]]","trace":"java.lang.AssertionError: expected [falcon 9] but found [[[ChromeDriver: chrome on windows (b0df81da3d3571f20c52781575bdb1c5)] -> xpath: //a[text()='Falcon 9']]]\r\n\tat org.testng.Assert.fail(Assert.java:111)\r\n\tat org.testng.Assert.failNotEquals(Assert.java:1578)\r\n\tat org.testng.Assert.assertEqualsImpl(Assert.java:150)\r\n\tat org.testng.Assert.assertEquals(Assert.java:132)\r\n\tat org.testng.Assert.assertEquals(Assert.java:644)\r\n\tat stepdefs.CartStepdefs.theProductShouldBeInCart(CartStepdefs.java:41)\r\n\tat ✽.the product \"falcon 9\" should be in Cart(file:///C:/Users/Haldun35/IdeaProjects/DemosBellatrix_HA/src/test/resources/FeatureCart.feature:7)\r\n"},"stage":"finished","steps":[{"name":"Given  user on homepage","status":"passed","statusDetails":{"known":false,"muted":false,"flaky":false},"stage":"finished","steps":[],"attachments":[],"parameters":[],"start":1701949232394,"stop":1701949236279},{"name":"When  user add the product \"Falcon 9\" to the cart","status":"passed","statusDetails":{"known":false,"muted":false,"flaky":false},"stage":"finished","steps":[],"attachments":[],"parameters":[],"start":1701949236281,"stop":1701949236823},{"name":"And  user click to Cart","status":"passed","statusDetails":{"known":false,"muted":false,"flaky":false},"stage":"finished","steps":[],"attachments":[],"parameters":[],"start":1701949236823,"stop":1701949238056},{"name":"Then  the product \"falcon 9\" should be in Cart","status":"failed","statusDetails":{"known":false,"muted":false,"flaky":false,"message":"expected [falcon 9] but found [[[ChromeDriver: chrome on windows (b0df81da3d3571f20c52781575bdb1c5)] -> xpath: //a[text()='Falcon 9']]]","trace":"java.lang.AssertionError: expected [falcon 9] but found [[[ChromeDriver: chrome on windows (b0df81da3d3571f20c52781575bdb1c5)] -> xpath: //a[text()='Falcon 9']]]\r\n\tat org.testng.Assert.fail(Assert.java:111)\r\n\tat org.testng.Assert.failNotEquals(Assert.java:1578)\r\n\tat org.testng.Assert.assertEqualsImpl(Assert.java:150)\r\n\tat org.testng.Assert.assertEquals(Assert.java:132)\r\n\tat org.testng.Assert.assertEquals(Assert.java:644)\r\n\tat stepdefs.CartStepdefs.theProductShouldBeInCart(CartStepdefs.java:41)\r\n\tat ✽.the product \"falcon 9\" should be in Cart(file:///C:/Users/Haldun35/IdeaProjects/DemosBellatrix_HA/src/test/resources/FeatureCart.feature:7)\r\n"},"stage":"finished","steps":[],"attachments":[],"parameters":[],"start":1701949238057,"stop":1701949238076}],"attachments":[],"parameters":[],"start":1701949232389,"stop":1701949238079}