{"uuid":"379bd6a5-bbc4-4880-9a90-329cf3c6ea09","historyId":"c60633cb81d090e1e6dcc8cf04f37582","fullName":"src/test/resources/FeatureCart.feature:3","labels":[{"name":"host","value":"PF3XDQCF"},{"name":"thread","value":"1744@PF3XDQCF.main(1)"},{"name":"feature","value":"Add to Cart"},{"name":"story","value":"Add to Cart"},{"name":"suite","value":"Add to Cart"},{"name":"testClass","value":"Add to Cart"},{"name":"framework","value":"cucumber4jvm"},{"name":"language","value":"java"},{"name":"gherkin_uri","value":"file:///C:/Users/Haldun35/IdeaProjects/DemosBellatrix_HA/src/test/resources/FeatureCart.feature"},{"name":"package","value":"src.test.resources.FeatureCart_feature.Add to Cart"}],"links":[],"name":"Add to Cart","status":"failed","statusDetails":{"known":false,"muted":false,"flaky":false,"message":"expected [falcon 9] but found [[[ChromeDriver: chrome on windows (304332e5d739bf013969f1fdf86ec368)] -> xpath: //a[text()='Falcon 9']]]","trace":"java.lang.AssertionError: expected [falcon 9] but found [[[ChromeDriver: chrome on windows (304332e5d739bf013969f1fdf86ec368)] -> xpath: //a[text()='Falcon 9']]]\r\n\tat org.testng.Assert.fail(Assert.java:111)\r\n\tat org.testng.Assert.failNotEquals(Assert.java:1578)\r\n\tat org.testng.Assert.assertEqualsImpl(Assert.java:150)\r\n\tat org.testng.Assert.assertEquals(Assert.java:132)\r\n\tat org.testng.Assert.assertEquals(Assert.java:644)\r\n\tat stepdefs.CartStepdefs.theProductShouldBeInCart(CartStepdefs.java:40)\r\n\tat ✽.the product \"falcon 9\" should be in Cart(file:///C:/Users/Haldun35/IdeaProjects/DemosBellatrix_HA/src/test/resources/FeatureCart.feature:7)\r\n"},"stage":"finished","steps":[{"name":"Given  user on homepage","status":"passed","statusDetails":{"known":false,"muted":false,"flaky":false},"stage":"finished","steps":[],"attachments":[],"parameters":[],"start":1701939269797,"stop":1701939273483},{"name":"When  user add the product \"falcon 9\" to the cart","status":"passed","statusDetails":{"known":false,"muted":false,"flaky":false},"stage":"finished","steps":[],"attachments":[],"parameters":[],"start":1701939273484,"stop":1701939274011},{"name":"And  user click to Cart","status":"passed","statusDetails":{"known":false,"muted":false,"flaky":false},"stage":"finished","steps":[],"attachments":[],"parameters":[],"start":1701939274012,"stop":1701939275269},{"name":"Then  the product \"falcon 9\" should be in Cart","status":"failed","statusDetails":{"known":false,"muted":false,"flaky":false,"message":"expected [falcon 9] but found [[[ChromeDriver: chrome on windows (304332e5d739bf013969f1fdf86ec368)] -> xpath: //a[text()='Falcon 9']]]","trace":"java.lang.AssertionError: expected [falcon 9] but found [[[ChromeDriver: chrome on windows (304332e5d739bf013969f1fdf86ec368)] -> xpath: //a[text()='Falcon 9']]]\r\n\tat org.testng.Assert.fail(Assert.java:111)\r\n\tat org.testng.Assert.failNotEquals(Assert.java:1578)\r\n\tat org.testng.Assert.assertEqualsImpl(Assert.java:150)\r\n\tat org.testng.Assert.assertEquals(Assert.java:132)\r\n\tat org.testng.Assert.assertEquals(Assert.java:644)\r\n\tat stepdefs.CartStepdefs.theProductShouldBeInCart(CartStepdefs.java:40)\r\n\tat ✽.the product \"falcon 9\" should be in Cart(file:///C:/Users/Haldun35/IdeaProjects/DemosBellatrix_HA/src/test/resources/FeatureCart.feature:7)\r\n"},"stage":"finished","steps":[],"attachments":[],"parameters":[],"start":1701939275269,"stop":1701939275294}],"attachments":[],"parameters":[],"start":1701939269792,"stop":1701939275482}